action_navi action_desc O target_rel O target_obj O O agent_dir
action_navi O O action_desc O target_rel O target_obj refinement_rel O refinement_obj target_rel O
action_navi action_desc O action_intensity action_intensity action_navi action_desc O target_rel O target_obj
action_navi action_desc O target_rel O target_obj
action_navi action_desc O target_rel O target_obj agent_dir
action_navi action_desc action_navi action_desc O O target_obj O action_navi action_desc O target_rel O O O O target_obj
action_navi O O action_desc O action_navi action_intensity action_intensity O action_navi O O action_desc O target_rel O target_obj
action_navi O target_rel target_obj refinement_rel refinement_obj
action_navi O target_rel target_obj refinement_rel refinement_rel O refinement_obj
action_navi O target_rel target_rel O O target_obj
action_navi action_desc O action_navi O target_obj O target_rel O target_attri target_obj
action_navi action_desc O action_navi action_desc O target_rel O target_obj
action_navi action_desc O target_rel O target_attri target_obj refinement_rel O refinement_obj
action_navi action_desc O action_navi action_desc O target_obj O O action_navi action_desc O target_rel O target_obj
action_navi action_desc target_rel O target_obj
action_navi action_desc O target_rel O target_obj
action_navi action_desc O target_rel O target_obj O O O O O
action_navi O target_rel target_obj
action_n_navi action_desc target_obj O refinement_obj
action_navi O target_rel target_obj
action_n_navi O action_n_navi target_obj O refinement_obj
action_navi O target_rel target_obj
action_n_navi target_obj refinement_rel refinement_obj
action_navi action_desc O action_navi action_desc O O target_obj
action_n_navi action_desc O target_obj refinement_rel O refinement_obj
action_navi action_desc O action_navi O O target_obj
O action_n_navi O target_obj
action_navi O O target_obj
action_n_navi action_desc O target_obj action_n_navi O O refinement_obj
action_navi action_desc O target_obj O O refinement_rel O O refinement_obj
action_n_navi O target_obj action_desc refinement_rel O refinement_obj
action_navi O O action_desc O O action_desc O O action_navi action_desc O O target_obj
action_n_navi action_desc O target_obj O O refinement_obj
action_navi O O action_desc O action_n_navi O target_obj refinement_rel O refinement_rel O O refinement_obj
O O refinement_obj O O action_n_navi O target_obj
action_navi action_desc O target_rel O target_attri target_obj O O agent_dir
action_n_navi O target_attri target_obj O O refinement_obj O agent_dir O O
action_navi action_desc O target_rel O target_obj O O refinement_obj O O agent_dir
action_n_navi O target_obj refinement_rel O O refinement_obj O O O O
action_n_navi O target_obj refinement_rel O refinement_obj O agent_dir O O
action_n_navi O target_obj O O refinement_obj O O O O
action_navi action_desc O target_rel O target_obj O O agent_dir
action_n_navi O target_obj refinement_rel O refinement_obj O action_n_navi action_desc O target_obj
target_rel O target_obj O O refinement_obj O target_rel
action_n_navi O target_obj refinement_rel O refinement_obj refinement_rel O refinement_obj O agent_dir O O
action_navi action_desc O O target_rel O O O target_obj O O refinement_obj target_rel O
action_n_navi action_desc O target_obj O O refinement_rel O O O refinement_obj
action_n_navi action_desc O O target_obj O O refinement_rel O O refinement_obj
action_n_navi O target_obj O O refinement_rel O O refinement_obj
action_navi action_desc O action_navi O O target_attri target_obj
action_n_navi O target_obj refinement_rel O refinement_obj O O refinement_rel O O refinement_obj
action_navi action_desc O action_navi action_desc O O target_obj O O refinement_obj
action_n_navi action_desc O target_obj O target_obj
action_navi action_desc action_navi action_desc O target_obj action_navi action_desc O action_navi O O target_obj
action_n_navi O target_rel O target_obj refinement_rel O refinement_obj O action_n_navi O action_n_navi O target_obj O O
action_navi action_desc action_navi action_desc O target_obj O O action_navi action_desc O target_rel O target_obj
action_n_navi O target_obj O target_obj refinement_rel O refinement_obj
action_navi O O target_obj
action_n_navi action_desc O target_obj O O refinement_obj
action_navi O O target_obj O O refinement_obj O refinement_rel O O
action_n_navi O target_obj refinement_rel O refinement_rel refinement_obj
action_navi action_desc O O O O target_rel O O target_obj
action_n_navi action_desc O target_obj O O refinement_rel O O refinement_obj
action_navi action_desc O O action_desc O O target_obj
action_n_navi O target_obj refinement_rel O refinement_rel refinement_obj O O target_obj
action_navi action_desc O action_navi O O target_rel O O target_obj
action_n_navi O target_obj O O refinement_rel O O refinement_obj
action_navi action_desc O target_rel O target_obj
action_n_navi O target_obj refinement_rel O refinement_obj
action_navi O O target_rel O O target_obj
action_n_navi O target_obj O O refinement_obj
action_navi O O target_rel O O target_rel target_obj
action_n_navi O target_obj refinement_rel O refinement_obj
action_navi action_desc O action_navi O O O target_obj O O action_navi action_desc O action_navi O O O target_obj O
action_n_navi O target_obj action_desc O O refinement_obj O
action_navi action_desc O action_navi action_desc O O target_obj O O action_navi action_desc O action_navi O O O target_obj refinement_rel O refinement_rel O O refinement_obj
action_n_navi O target_obj refinement_rel O O refinement_obj action_n_navi O target_obj O O target_obj O O action_n_navi O target_obj O action_n_navi O target_obj action_desc O
action_navi action_desc O action_navi action_desc O O target_rel O O target_obj O O action_navi action_desc O target_rel O target_obj O O agent_dir O O refinement_rel O O refinement_obj
action_n_navi O target_obj refinement_rel O O refinement_obj
action_n_navi O O action_desc O target_rel O target_obj O O agent_dir
action_n_navi action_desc O target_obj refinement_rel O refinement_rel O O refinement_obj
action_n_navi O target_obj O action_n_navi action_intensity action_intensity action_desc O action_navi O target_obj
action_n_navi O target_obj action_desc O O action_n_navi O target_obj
action_navi action_desc O action_navi O O target_obj refinement_rel O refinement_obj O refinement_obj O O agent_dir
action_n_navi O target_obj refinement_rel O refinement_obj
action_navi action_desc O action_navi O O target_obj O O agent_dir
action_n_navi O target_obj refinement_rel O refinement_obj O O target_obj O action_n_navi O
action_navi action_desc O action_navi O O target_obj refinement_rel O refinement_obj O refinement_obj O O agent_dir
action_n_navi O target_attri target_obj refinement_rel O O refinement_obj refinement_rel O refinement_obj
action_navi O O action_desc O action_navi O O target_obj
action_n_navi action_desc O tarfet_attri target_obj O O O O O refinement_rel O O refinement_obj
action_navi O O action_desc O target_rel O target_obj
action_n_navi O refinement_obj O O agent_dir O action_n_navi O target_obj refinement_rel O O refinement_obj
action_navi action_desc O target_rel O target_obj
action_n_navi action_desc O O O target_obj O O refinement_rel O O refinement_obj
action_navi action_desc O action_navi action_desc O target_obj O O target_obj
action_n_navi O target_obj refinement_rel O refinement_rel refinement_obj O O target_obj O refinement_rel O O refinement_rel refinement_obj
action_navi action_desc O O O O target_obj O O refinement_rel O O O refinement_obj
action_n_navi action_desc O O O target_obj O O refinement_rel O O refinement_obj
action_navi action_desc O action action_desc O O target_rel O O target_obj
action_n_navi action_desc O O O O target_obj O O refinement_rel O O refinement_rel refinement_obj
action_navi action_desc action_desc O action_navi action_desc O target_obj
action_n_navi action_desc O target_obj O O refinement_rel O O refinement_obj
action_navi action_desc O target_rel O target_obj refinement_rel O refinement_obj
action_n_navi O O target_obj refinement_rel O refinement_obj
action_navi action_desc action_desc O target_rel O target_obj
action_n_navi O target_obj O O target_rel O O target_obj
action_navi action_desc O action_navi O O target_obj
action_n_navi O target_obj O target_obj O O refinement_obj
action_navi action_desc O action action_desc O target_obj O O agent_dir
action_n_navi O refinement_obj O action_n_navi O target_obj refinement_rel O O action_n_navi O O action_n_navi O refinement_obj O action_n_navi action_desc O target_obj
action_navi action_desc O action action_desc O target_obj
action_n_navi O target_obj refinement_rel O refinement_rel O O refinement_obj
action_navi action_desc O O target_obj O O refinement_rel O O refinement_obj
action_n_navi action_desc O target_attri target_obj O O O refinement_attri refinement_obj refinement_rel O refinement_obj O agent_dir O O
action_navi action_desc O action_navi action_desc O O target_rel O O target_obj
action_n_navi O target_attri target_obj refinement_rel O refinement_rel refinement_obj
action_navi action_desc O action_navi O O target_obj O O refinement_rel refinement_obj
action_n_navi action_desc O target_obj O O refinement_rel O refinement_obj refinement_rel O refinement_obj O refinement_obj
action_navi action_desc O action_navi O O target_obj
action_n_navi O target_obj refinement_rel O refinement_attri refinement_obj refinement_rel O refinement_rel refinement_rel refinement_obj
action_n_navi action_desc O target_obj
action_navi action_desc O action_navi O O target_rel O O target_obj
action_n_navi O target_obj refinement_rel O refinement_obj target_rel O refinement_rel O refinement_obj O O refinement_rel O O O refinement_obj
action_navi O O action_desc O action_navi O O target_obj O O refinement_obj O refinement_rel O refinement_rel refinement_rel O O refinement_obj
action_n_navi action_desc O target_obj
action_navi action_desc O action_navi action_desc O target_attri target_obj
action_n_navi O target_obj refinement_rel O O refinement_attri refinement_obj
action_navi action_desc action_navi action_desc O action_navi action_desc O action_navi O O target_obj
action_n_navi action_desc O target_obj refinement_rel O refinement_rel O O refinement_obj
action_navi action_desc action_navi action_desc O action_navi action_desc O action_navi O O target_obj
action_n_navi O target_obj O refinement_rel O refinement_obj O O O refinement_rel O O refinement_obj
action_n_navi action_desc O target_obj O O target_obj target_rel O
action_navi action_desc O action_navi O O target_obj
action_n_navi O target_obj refinement_rel O refinement_obj O O O agetn_dir
action_navi action_desc O action_navi O O target_obj refinement_rel O refinement_obj
action_n_navi action_desc O target_obj refinement_rel O refinement_obj refinement_rel O refinement_obj
action_navi action_desc O action_navi O O target_obj refinement_rel O refinement_obj O O agent_dir
action_n_navi O target_obj refinement_rel O refinement_obj
action_navi action_desc O action_navi action_desc O target_obj O action_navi action_desc O target_rel O target_obj
action_n_navi action_desc O target_rel target_attri target_attri target_obj O O O refinement_obj
action_navi action_desc O action_navi action_desc O action_navi action_desc O target_rel O target_obj
action_n_navi O target_attri target_attri target_obj O O refinement_attri refinement_obj refinement_rel O refinement_obj
action_n_navi action_desc O target_attri target_obj O O target_attri target_attri target_obj O O O O O refinement_obj
action_navi action_desc O action_n_navi O O action_desc O action_navi action_desc O target_rel O target_obj
action_n_navi O target_attri target_obj O O target_attri target_obj O O refinement_rel O refinement_obj O O refinement_rel O O refinement_obj
action_navi action_desc action_desc O target_obj
action_n_navi action_desc O target_attri target_obj
action_navi action_desc action_desc O target_obj
action_n_navi O target_attri target_obj
action_navi O target_rel target_rel O O target_obj
action_n_navi action_desc target_attri target_obj O target_obj O refinement_obj
action_navi O target_rel target_obj
action_n_navi target_obj refinemet_rel refinement_obj
action_navi action_desc O target_rel target_obj O refinement_rel O refinement_obj
action_n_navi action_desc target_attri target_obj refinement_rel refinement_obj
action_navi O target_rel target_obj
action_n_navi target_obj action_desc refinement_obj
action_navi action_desc action_navi O O O target_obj O target_rel O target_obj O O O agent_dir
action_n_navi action_desc O target_obj refinement_rel O refinement_obj refinement_rel O refinement_obj O
action_navi action_desc O target_rel O target_obj
action_n_navi O refinement_obj O action_n_navi O target_obj refinement_rel O refinement_obj O refinement_rel refinement_obj
action_n_navi O target_obj O O O O O O action_n_navi O
action_n_navi O refinement_obj O action_n_navi O target_obj refinement_rel O refinement_rel refinement_obj
action_n_navi O refinement_obj O O O O O action_n_navi O O O target_rel O target_rel target_obj
action_n_navi action_desc O target_obj O target_obj refinement_rel O refinement_rel refinement_obj
action_navi action_desc O action_navi O O target_obj O O O O
action_n_navi O target_obj refinement_rel O refinement_obj O O O O action_n_navi O target_obj
action_navi action_desc O O target_obj
action_n_navi O target_obj O action_n_navi O target_obj O O refinement_rel O O refinement_obj
action_navi action_desc O action_navi O O target_attri target_obj O O agent_dir
action_n_navi action_desc O target_obj O O agent_dir
action_navi action_desc action_navi action_desc O refinement_obj O action_navi action_desc action_desc O target_obj
action_n_navi O target_obj O O O refinement_obj
action_navi O O action_desc O action_navi action_desc O target_obj O target_rel O target_attri target_obj
action_n_navi action_desc O target_obj O O refinement_obj
action_navi O O action_desc O action_navi action_desc O target_obj O O refinement_obj O O targer_rel O O target_obj
action_n_navi O target_obj O O refinement_rel O O refinement_obj
action_navi action_desc O action_navi action_desc O target_rel O target_rel O O target_obj
action_n_navi action_desc O target_obj O O refinement_rel O O O refinement_obj
action_navi action_desc O refinement_obj O O O refinement_obj O target_rel O target_obj
action_n_navi O target_obj O O refinement_obj
action_navi action_desc O action_navi action_desc O target_rel O target_rel O O target_obj
action_n_navi action_desc O O target_obj refinement_rel O refinement_obj
action_navi action_desc O refinement_rel O O O refinement_obj O target_rel O target_obj
action_n_navi O target_obj refinement_rel O refinement_obj refinement_rel O O refinement_rel refinement_obj
action_navi O O target_attri target_obj
action_n_navi action_desc O target_obj refinement_rel O refinement_obj
action_navi action_desc O action_navi action_desc O target_obj O target_rel O target_attri target_obj
action_n_navi O target_obj refinement_rel O refinement_obj
action_navi action_desc action_navi O O target_obj O target_rel O target_obj
action_n_navi action_desc O target_obj O O refinement_obj
action_navi action_desc O O target_obj
action_n_navi O target_obj refinement_rel O refinement_obj
action_navi action_desc O action_navi action_desc O action_intensity O target_rel O target_obj
action_n_navi O target_obj refinement_rel O refinement_obj
action_navi action_desc O action_intensity O target_rel O target_obj O O refinement_rel O O  refinement_obj
action_n_navi O target_obj refinement_rel O refinement_obj O O
action_navi action_desc O action_intensity O target_rel O target_obj
action_n_navi O target_obj refinement_rel O refinement_obj
action_navi action_desc O action_intensity O target_rel O target_obj O O refinement_rel O O refinement_obj
action_n_navi O target_obj O target_obj refinemet_rel O refinement_obj
action_navi action_desc O action_intensity O target_rel O target_obj action_n_navi action_desc O O target_obj
action_n_navi O target_obj refinement_rel O refinement_obj action_n_navi O target_obj refinement_rel O refinement_obj
action_navi action_desc O action_intensity O target_rel O target_obj O O refinement_rel O O refinement_obj
action_n_navi O target_obj O O refinement_rel O O O O O refinement_obj
action_navi action_desc O target_rel O target_obj O O O refinement_attri refinement_obj
action_n_navi action_desc O target_rel target_attri target_obj refinement_rel O refinement_obj
action_navi action_desc O action_navi action_desc O target_obj O O target_obj
action_n_navi O target_attri target_obj action_desc refinement_rel O refinement_obj
action_navi O action_navi O O target_obj
action_n_navi O refinement_obj O action_n_navi O target_obj O O refinement_rel O refinement_rel refinement_obj action_n_navi O refinement_obj
O O O O O action_navi O action_navi O O target_obj
action_n_navi O target_obj refinement_rel O refinement_obj action_navi O O O O action_n_navi O action_navi O O action_desc O action_n_navi O target_obj
action_navi O action_navi O O target_attri target_obj O O O O O
action_n_navi O target_obj O O refinement_attri refinement_obj refinement_rel refinement_obj O O O agent_dir O O
action_navi O O target_obj action_desc O O
action_n_navi action_desc O target_obj refinement_rel O refinement_obj
action_navi O O target_obj O O agent_dir O O
action_n_navi O target_obj refinement_rel O refinement_obj O O O
action_navi O O target_obj O O refinement_rel O O refinement_obj
action_n_navi O target_obj refinement_rel O refinement_obj
action_navi action_desc O O action_desc O action_navi O O target_obj
action_n_navi action_desc O target_obj O O O O refinement_rel O O refinement_obj
action_navi action_desc O O action_desc O action_navi O O target_obj O O O O O
action_n_navi O target_obj action_n_navi O target_obj refinement_rel O refinement_obj action_n_navi O target_obj action_n_navi O target_obj action_n_navi O target_obj action_n_navi O target_obj
action_navi O O action_desc O action_navi O O target_obj
action_n_navi O target_obj refinement_rel O refinement_obj O O refinement_rel O refinement_obj action_n_navi O refinement_obj
action_navi action_desc O action_navi action_desc O target_obj
action_n_navi action_desc O target_obj refinement_rel O O refinement_obj
action_navi action_desc O action_navi action_desc O target_obj refinement_rel O refinement_obj
action_n_navi O refinement_obj action_n_navi action_desc O target_obj O O action_n_navi O action_desc O O O refinement_obj
action_navi action_desc O action_navi action_desc O target_obj O O agent_dir
action_n_navi O target_obj refinement_rel O refinement_obj O action_n_navi O
action_navi action_desc O action_navi action_desc O target_rel O O target_obj refinement_rel O refinement_rel O O refinement_obj
action_n_navi action_desc O target_obj refinement_rel O refinement_obj
action_navi O O target_rel O O target_obj
action_n_navi O target_obj refinement_rel O refinement_obj
action_n_navi action_desc O target_obj O O target_obj O O
action_navi action_desc O action_navi action_desc O target_obj O O target_obj
action_n_navi O target_obj refinement_rel O refinement_obj refinement_rel O refinement_obj
action_navi action_desc action_navi action_desc action_navi action_desc O O target_obj O O refinement_obj
action_n_navi O target_attri target_obj refinement_rel O refinement_obj
action_n_navi O target_obj refinement_rel O refinement_obj O O
action_navi action_desc O action_intensity O target_rel action_desc O target_obj
action_n_navi O target_obj refinement_rel O refinement_obj
action_navi action_desc O action_intensity O target_rel action_desc O target_obj
action_n_navi O target_obj O target_obj refinement_rel O refinement_obj
action_navi action_desc action_navi action_desc action_navi action_desc O action_navi action_desc O O O O O target_obj
action_n_navi O target_obj refinement_rel O refinement_obj action_n_navi O target_obj O O O refinement_obj
action_navi action_desc action_navi O O target_obj action_navi action_desc action_navi action_desc O O target_obj O O target_attri target_obj
action_n_navi O target_obj refinement_rel O refinement_attri refinement_obj refinement_rel O refinement_obj
action_navi action_desc O action_navi action_desc O target_obj O action_navi O action_desc O action_navi action_desc O O target_attri target_attri target_obj
action_n_navi action_desc O target_obj O O O refinement_attri refinement_attri refinement_obj
action_navi action_desc O action_navi action_desc O O O O O action_navi action_desc O O target_obj
action_n_navi O refinement_obj O action_n_navi O target_obj action_desc O action_n_navi O refinement_obj O O O O action_n_navi O refinement_obj O action_n_navi O O target_attri target_obj O action_n_navi O refinement_obj
action_navi action_desc O action_navi action_desc O O target_attri target_attri target_obj O action_navi O action_desc O action_navi action_desc O target_obj O O target_obj
action_n_navi O target_attri target_obj refinement_rel O refinement_obj O refinement_rel O O refinement_obj
action_navi action_desc O action_navi O O target_obj O O agent_dir
action_n_navi action_desc O target_obj O O refinement_rel O O refinement_obj
action_navi action_desc O action_navi O O target_obj refinement_rel O refinement_obj O O agent_dir O
O action_n_navi O target_obj
action_navi action_desc action_navi O action_desc O O target_attri target_obj O O O O action_navi O O target_attri target_obj O O agent_dir
action_n_navi action_desc O target_obj O O refinement_rel O O refinement_obj O O refinement_rel O O O refinement_obj
action_navi action_desc action_navi O action_desc O O target_attri refinement_obj action_n_navi O action_desc O O target_obj O action_navi action_desc O target_rel O target_obj
action_n_navi O target_obj refinement_rel O refinement_obj refinement_rel O refinement_rel O O refinement_obj
action_n_navi action_desc O target_obj refinement_rel O refinement_obj refinement_rel O O refinement_obj
action_navi action_desc O action_navi O action_desc O O target_attri target_obj
action_n_navi O target_obj refinement_rel O refinement_obj refinement_rel O O refinement_attri refinement_obj
action_navi O O target_obj O O O
action_n_navi action_desc O target_obj O O refinement_obj
action_n_navi O target_obj refinement_rel O refinement_obj refinement_rel O refinement_obj
action_n_navi action_desc O target_obj refinement_rel O refinement_obj
action_navi O O target_rel O O O target_obj O O O
action_n_navi O target_obj refinement_rel O refinement_obj
action_navi action_desc O target_obj O O target_attri target_obj O O target_attri target_attri
action_n_navi action_desc O target_attri O target_attri target_obj O O O O O refinement_rel refinement_rel O O refinement_obj
action_navi action_desc action_desc O target_obj O O target_attri target_obj refinement_rel O O refinement_obj
action_n_navi O target_obj refinement_rel O refinement_obj
action_navi action_desc O target_obj O O target_attri target_obj O O target_attri target_attri
action_n_navi action_desc O target_attri O target_attri target_obj O O O refinement_rel O O O refinement_attri refinement_obj
action_navi action_desc action_desc O target_obj O O target_attri target_obj refinement_rel O O refinement_obj
action_n_navi O target_obj refinement_rel O refinement_obj
action_navi O target_rel target_obj
action_n_navi action_desc target_obj O refinement_obj
action_navi O target_rel target_obj
action_n_navi O action_n_navi target_obj O refinement_obj
action_navi O target_rel target_attri target_obj
action_n_navi target_obj refinement_rel refinement_obj
action_navi action_desc O O agent_dir O target_rel O target_obj
action_n_navi action_desc O target_obj refinement_rel O refinement_obj
action_navi action_desc O action_navi action_desc action_navi action_desc O O O target_obj O O agent_dir
action_n_navi O target_obj refinement_rel O refinement_obj refinement_rel O refinement_obj
action_n_navi action_desc O target_obj O O refinement_obj
action_navi action_desc action_navi action_desc O action_navi action_desc O target_rel O target_obj O O agent_dir
action_n_navi O target_obj O target_obj refinement_rel O refinement_rel O O O refinement_obj
action_navi action_desc target_rel target_obj
action_n_navi action_desc target_rel target_obj O refinement_obj
action_navi O target_rel target_rel target_obj O O refinement_rel O refinement_obj
action_n_navi refinement_obj action_n_navi target_obj refinement_rel refinement_obj action_n_navi refinement_obj
action_navi O target_obj O O action_desc
action_n_navi action_desc target_obj O O agent_dir
action_navi O target_rel target_rel target_obj O O refinement_rel O refinement_obj
action_n_navi refinement_obj action_n_navi target_obj refinement_rel refinement_obj refinement_rel refinement_obj action_n_navi refinement_obj
action_navi action_desc O action_navi O O target_obj O O O O
action_n_navi action_desc O target_obj refinement_rel O refinement_obj
action_navi action_desc O action_navi O O target_obj O refinement_obj O target_rel
action_n_navi O target_obj refinement_rel O refinement_obj refinement_rel O refinement_obj
action_navi O O target_obj O O refinement_rel O O refinement_obj
action_n_navi action_desc O target_obj refinement_rel O refinement_attri refinement_obj
action_navi action_desc O O target_obj refinement_rel O refinement_obj
action_n_navi O target_obj refinement_rel O refinement_obj refinement_rel O refinement_rel refinement_obj
action_navi action_desc action_navi O O target_obj
refinement_rel O refinement_obj action_n_navi O target_obj action_desc O refinement_obj refinement_rel O refinement_obj
action_navi action_desc action_navi O action_intensity action_navi
action_navi action_desc action_n_navi O target_obj refinement_rel O refinement_obj
action_navi O O target_attri target_attri target_obj refinement_rel O refinement_obj
action_n_navi action_desc O target_attri target_obj O O refinement_rel O O refinement_obj refinement_rel refinement_rel O O refinement_obj
action_n_navi O target_attri target_obj O O O refinement_obj refinement_rel O refinement_rel O O refinement_obj
O action_n_navi O target_obj
action_navi action_desc O target_rel O target_obj
action_n_navi action_desc O target_obj O O refinement_obj
action_navi action_desc O action_navi O O target_obj O O agent_dir O O refinement_obj
action_n_navi O target_obj O O refinement_obj
action_n_navi O target_obj action_desc O O refinement_rel O O refinement_obj
action_n_navi action_desc O target_obj O target_obj
action_navi action_desc O action_navi O O target_obj O O O refinement_rel O O refinement_obj
action_n_navi O target_obj O target_obj refinement_rel O refinement_obj refinement_rel O refinement_obj
action_n_navi action_desc O target_obj O O target_obj
action_navi action_desc O action_navi O O target_obj
action_n_navi O target_obj O O target_obj O target_obj refinement_rel O refinement_rel refinement_obj O O refinement_rel O O refinement_obj O action_n_navi O refinement_obj
action_navi action_desc O target_rel target_rel target_rel target_obj
action_n_navi refinement_rel refinement_obj refinement_rel refinement_obj action_n_navi target_rel target_obj O refinement_obj action_n_navi refinement_obj
action_navi action_desc action_navi action_desc target_obj action_navi action_desc action_navi O target_obj
action_n_navi target_obj O refinement_rel O refinement_obj O O refinement_rel O refinement_obj
action_navi action_desc action_navi O O action_desc target_obj action_navi action_desc O O action_desc O O
action_n_navi refinement_rel refinement_obj refinement_rel refinement_obj action_n_navi target_attri target_obj O refinement_obj action_n_navi refinement_obj
action_navi action_desc action_navi O target_obj action_navi action_desc action_navi O target_obj
action_n_navi target_obj refinement_rel refinement_rel O O refinement_rel refinement_rel O O refinement_attri refinement_obj
action_navi action_desc action_navi O O action_desc O O target_obj
action_n_navi action_desc O target_obj O O refinement_rel O O O refinement_obj
action_navi O O action_desc O O O O O O target_obj
action_n_navi O O O target_obj
action_navi action_desc O O action_desc action_navi action_desc action_navi O O action_desc O O target_obj
action_n_navi O target_obj refinement_rel O refinement_obj
action_navi O O action_desc action_navi action_desc O O target_obj
action_n_navi action_desc O target_obj O target_obj O O refinement_obj
action_navi action_desc O O action_desc action_navi action_desc O O target_obj
action_n_navi O target_obj O target_obj refinement_rel O refinement_obj action_n_navi O action_desc O
action_navi O O action_desc action_navi action_desc O O target_obj
action_n_navi O target_obj O target_obj refinement_rel O O O refinement_obj
action_navi action_desc O target_rel O target_obj
action_n_navi O target_obj refinement_rel O refinement_obj
action_navi action_desc O action_navi action_desc O target_rel O target_obj
action_n_navi O target_obj refinement_rel O refinement_obj
action_n_navi O target_obj action_desc O O refinement_obj
action_navi action_desc O action_navi O O O target_obj O O O agent_dir
action_n_navi O target_obj O O refinement_rel O O refinement_obj
action_navi action_desc O action_navi action_desc O target_obj O action_navi action_desc O action_navi action_desc O target_rel O refinement_obj
action_n_navi action_desc O target_obj refinement_rel O refinement_rel refinement_obj
action_navi action_desc O action_navi action_desc O O action_desc O target_rel O target_obj refinement_rel O O refinement_obj
action_n_navi O target_obj refinement_rel O refinement_obj refinement_rel O refinement_rel refinement_obj
action_navi action_desc O action_navi action_desc O action_navi action_desc O O target_rel O O target_obj O action_navi O target_obj O target_rel O target_rel O O O target_obj
action_n_navi action_desc O target_obj refinement_rel O refinement_obj
action_navi action_desc O action_navi action_desc O target_rel O O refienement_obj O action_navi action_desc O action_navi action_desc O action_navi O target_obj refinement_rel O refinement_obj
action_n_navi O target_obj refinement_rel O refinement_obj O O O target_obj
action_navi action_desc actio_navi O action_desc O action_navi O O target_obj action_navi O O action_desc action_navi O O target_obj O O O O agent_dir
action_n_navi action_desc O target_obj O O refinement_rel O refinement_obj
action_navi action_desc action_navi O action_desc O action_navi O O target_obj O O O O agent_dir
action_n_navi O target_obj refinement_rel O refinement_obj O action_n_navi O refinement_obj action_n_navi O target_obj O refinement_rel refinement_obj O O O O
action_navi action_desc action_navi action_desc action_navi O action_desc O action_navi O target_obj O O target_obj
action_n_navi O target_obj refinement_rel O refinement_obj
action_navi action_desc O action_navi O O target_obj
action_n_navi action_desc O target_obj refinement_rel O refinement_obj
action_navi action_desc action_navi action_desc O action_intensity action_navi action_desc O target_rel O O target_obj
action_n_navi O target_obj refinement_rel O refinement_obj
action_n_navi action_desc O target_obj refinement_rel O refinement_obj
action_navi action_desc action_navi action_desc O action_intensity action_navi action_desc action_navi O O target_obj action_navi action_desc
action_n_navi O target_obj refinement_rel O refinement_obj
action_navi O target_obj O target_rel O target_attri target_obj O O refinement_obj target_rel O
action_n_navi O target_obj action_desc refinement_rel O refinement_obj
action_navi action_desc O target_rel O target_obj
action_n_navi O target_obj refinement_rel O refinement_obj action_n_navi O O action_desc O O action_desc O action_n_navi O target_obj action_desc O O refinement_obj
action_navi action_desc O action_n_navi O target_rel O O target_attri target_obj O O refinement_rel O O refinement_obj
action_n_navi O target_obj refinement_rel O refinement_attri refinement_obj
action_navi action_desc O action_navi O O target_attri target_attri target_obj O O agent_dir
action_n_navi action_desc O target_obj O target_obj O O refinement_rel O O refinement_obj
action_navi action_desc O action_navi O O target_attri target_obj
action_n_navi O target_obj O target_obj refinement_rel O refinement_obj refinement_rel O refinement_rel refinement_obj action_n_navi O action_n_navi O O action_n_navi O refinement_obj
action_navi action_desc O action_navi O O target_obj O O agent_dir
action_n_navi O target_attri target_obj O target_obj O O refienement_rel O refinement_rel O refinement_obj
action_navi action_desc O action_navi O O target_rel O O target_obj O action_navi action_desc O action_navi O O target_attri target_obj
action_n_navi O target_attri target_obj action_desc refinement_rel O refinement_obj
action_navi action_desc O action_navi O O target_rel O O target_obj O action_navi action_desc O action_navi O O target_attri target_obj O action_navi action_desc O action_navi O O target_attri target_obj
action_n_navi O target_obj action_desc refinement_rel O refinement_attri refinement_obj
action_navi action_desc O O target_obj O O action_desc O O O O O refinement_rel O O O O refinement_obj agent_dir O O
action_n_navi action_desc O target_obj refinement_rel O refinement_obj
action_n_navi action_desc O O target_obj
action_n_navi O target_obj refinement_attri refinement_obj O O O refinement_rel O O refinement_obj
action_n_navi action_desc O target_attri target_obj
action_navi action_desc O action_navi action_desc O O target_obj
action_n_navi O target_obj refinement_rel O refinement_obj O O refinement_rel O O refinement_obj
action_navi action_desc O action_navi action_desc O O O action_navi action_desc O target_rel O target_obj
action_n_navi action_desc O target_obj refinement_rel O refinement_obj
action_navi action_desc action_n_navi O target_obj O O O O O O O O target_obj O O agent_dir
action_n_navi O target_obj refinement_rel O refinement_obj
action_n_navi O target_attri target_obj O O action_desc action_navi O O target_obj O O agent_dir
action_n_navi O target_attri target_obj refinement_rel O refinement_obj
action_navi action_desc O O target_obj O O agent_dir
action_n_navi O target_obj refinement_rel O refinement_obj
action_navi action_desc action_navi O O O action_navi action_desc action_navi O O target_obj
action_n_navi O target_obj action_n_navi O target_obj refinement_rel O refinement_attri refinement_obj
action_n_navi O target_attri target_obj action_desc O refinement_obj action_n_navi O target_obj
action_navi action_desc action_navi O O target_obj O O agent_dir
action_n_navi action_desc O target_obj refinement_rel O refinement_obj O refinement_rel O O refinement_obj
action_navi action_desc action_navi action_desc target_obj O O target_attri target_obj O refinement_obj target_rel O action_navi action_desc O target_rel target_obj
action_n_navi action_desc target_obj O O refinement_attri refinement_obj
action_navi action_desc action_navi O O target_rel O target_obj O O agent_dir action_navi action_desc O target_rel target_obj
action_n_navi target_obj refinement_rel refinement_obj O refinement_rel O refinement_obj
action_navi action_desc O action_navi O O target_obj O O refinement_rel O O refinement_obj
action_n_navi action_desc O target_obj O refinement_rel O refinement_obj O O O O O refinement_rel O O refinement_obj
action_navi action_desc O action_navi O action_intensity O O agent_dir O action_navi O O target_obj
action_n_navi O target_obj refinement_rel O refinement_obj O O action_n_navi O action_desc action_desc O O O O O
action_navi action_desc O O target_attri target_obj O O refinement_rel O O refinement_obj
action_n_navi O target_obj O O O refinement_rel O O refinement_obj O O O O O O O O
action_navi action_desc action_navi O O target_obj action_navi action_desc action_navi O O target_obj
action_n_navi action_desc O target_obj refinement_rel O refinement_obj
action_navi action_desc O action_n_navi O target_obj O O refinement_obj
action_n_navi O target_obj refinement_rel O refinement_obj O O
action_n_navi O target_attri target_obj O O refinement_rel refinement_obj refinement_rel O refinement_obj
action_n_navi O target_attri target_obj O O refinement_rel refinement_obj refinement_rel O refinement_obj
action_navi O target_rel O O target_attri target_obj refinement_rel O refinement_obj
action_n_navi action_desc O target_attri target_obj refinement_rel O refinement_obj
action_navi O target_obj O O refinement_obj
action_n_navi O target_obj refinement_rel O refinement_obj
action_navi action_desc action_desc O O O O O O O target_rel O target_attri trget_obj O O action_desc O
action_n_navi O target_attri target_obj refinement_rel O refinement_obj refinement_rel
action_navi O target_obj action_desc O O refinement_obj
action_n_navi O target_obj O O refinement_rel O O O refinement_attri refinement_obj
action_navi action_desc O action_navi O O target_obj
action_n_navi action_desc O target_obj refinement_rel O refinement_obj O
action_navi action_desc O action_navi O O target_obj
action_n_navi O target_obj refinement_rel O refinement_obj O O O O O O O O action_n_navi action_desc O target_obj
action_navi action_desc O action_navi action_desc O O target_obj
action_n_navi O target_obj refinement_rel O refinement_rel refinement_attri refinement_obj
action_navi action_desc O action_navi refinement_obj
action_n_navi action_desc O target_obj O refinement_rel O refinement_obj
action_navi action_desc O target_rel O target_rel O O O target_obj
action_n_navi O target_obj refinement_rel O refinement_obj O action_n_navi O
action_navi action_desc O target_rel O target_obj
action_n_navi O target_rel target_rel O refinement_obj action_n_navi action_desc O target_obj O action_n_navi O refinement_obj
action_navi action_desc O target_rel O target_attri target_obj O O refinement_obj target_rel O
action_n_navi O target_obj action_desc refinement_rel O refinement_obj
action_navi action_desc O target_rel O target_obj
action_n_navi O target_obj refinement_rel O refinement_obj
action_navi action_desc O action_navi O O target_obj
action_n_navi action_desc O target_attri target_obj refinement_rel O refinement_obj O O O O refinement_attri refinement_attri refinement_obj
action_navi action_desc O action_navi O O target_obj O action_navi action_desc O action_navi O O target_obj
action_n_navi O target_obj O action_n_navi O target_obj refinement_rel O refinement_obj
action_n_navi action_desc O refinement_obj O refinement_rel O refinement_obj O action_n_navi O O
action_navi action_desc O action_navi O O O O target_obj O action_navi action_desc O target_rel O target_obj
action_n_navi O target_obj refinement_rel O refinement_obj O O refinement_rel O O refinement_obj O refinement_obj
action_navi action_desc O target_rel O target_obj agent_dir
action_n_navi O target_obj action_desc refinement_rel O refinement_obj
action_navi action_desc O target_rel O target_obj
action_n_navi O target_obj refinement_rel O refinement_obj O action_n_navi O refinement_obj O O action_n_navi O refinement_obj O action_n_navi O target_obj O O action_n_navi O refinement_obj O
action_navi action_desc O target_rel O target_obj agent_dir
action_n_navi O target_obj refinement_rel O refinement_obj
action_navi action_desc O O target_obj O action_navi action_desc O action_navi O O target_obj refinement_rel O refinement_obj
action_n_navi action_desc O target_obj O O O refinement_rel O refinement_obj O O agent_dir
action_navi O O action_desc O action_navi O O target_obj O O agent_dir
action_n_navi O target_obj refinement_rel O refinement_rel O O refinement_obj O O refinement_rel O O refinement_attri refinement_obj
action_navi action_desc O action_navi O O target_obj
action_n_navi action_desc O target_obj refinement_rel O refinement_obj
action_navi action_desc O action_navi O O target_obj
action_n_navi O target_obj refinement_rel O refinement_obj
action_n_navi O target_obj O O refinement_obj
action_n_navi action_desc O target_obj O target_obj
action_navi action_desc O O target_obj
action_n_navi O target_obj refinement_rel O refinement_obj O action_n_navi O action_desc
action_navi O O target_obj O O O
action_n_navi O target_obj refinement_rel O refinement_obj
action_navi O O target_obj refinement_rel O O refinement_obj
action_n_navi action_desc O target_obj refinement_rel O O refinement_obj refinement_rel O refinement_obj
action_navi O target_rel O target_obj O target_obj refinement_rel O refinement_obj
action_n_navi O target_obj refinement_rel O refinement_obj
action_n_navi O target_obj refinement_rel O refinement_obj
action_n_navi O target_obj refinement_rel O refinement_obj
action_navi action_desc O O target_obj refinement_rel O refinement_obj
action_n_navi action_desc O target_obj O target_obj
action_navi O O target_obj
action_n_navi O target_obj refinement_rel O refinement_obj
action_navi O O target_obj O O refinement_rel O O refinement_obj
action_n_navi O target_attri target_obj action_desc refinement_rel O refinement_obj
action_navi action_desc O action_navi O O target_obj
action_n_navi action_desc O O target_obj O O refinement_rel O O refinement_obj
action_navi action_intensity O action_desc O target_obj
action_n_navi O target_obj refinement_rel O refinement_attri refinement_obj O O refinement_rel O O refinement_obj
action_navi O O target_obj agent_dir O
action_n_navi O target_obj action_desc O refinement_obj
action_navi O O target_obj O O agent_dir
action_n_navi O target_obj refinement_rel O refinement_obj action_n_navi O O action_n_navi O O
action_navi O O target_obj refinement_rel O O refinement_obj
action_n_navi O target_obj refinement_rel O refinement_rel refinement_obj
action_navi action_desc O action_navi O O action_desc O target_rel O target_obj
action_n_navi action_desc O target_attri target_obj O O agent_dir
action_navi O O action_desc O action_navi action_desc O O target_rel target_rel O O target_obj
action_n_navi O target_attri target_obj O refinement_rel O O refinement_obj
action_navi O O action_desc O O action_desc O target_rel O target_obj O
action_n_navi action_desc O O target_attri target_obj refinement_rel O refinement_obj
action_navi O O action_desc O action_navi action_desc O O target_rel target_rel O O target_obj
action_n_navi O target_attri target_obj O refinement_rel O O refinement_obj O O O O O
action_navi action_desc O action_navi O O target_attri target_obj O O O O
action_n_navi action_desc O target_attri target_obj refinement_rel O refinement_rel O O refinement_obj refinement_rel O refinement_obj
action_navi action_desc O action_navi O O target_attri target_attri target_obj refinement_rel O refinement_obj
action_n_navi O target_obj refinement_rel O refinement_obj
action_navi action_desc O action_navi O O target_obj O O agent_dir
action_n_navi O target_obj refinement_rel O refinement_obj
action_navi action_desc O action_navi O O target_attri target_attri target_obj O O agent_dir
action_n_navi action_desc O target_obj O target_obj refinement_rel O refinement_obj
action_navi action_desc O action_navi action_desc O O target_obj O O agent_dir
action_n_navi O target_obj O O refinement_obj O O target_obj O action_n_navi O action_desc
action_navi action_desc action_desc O O target_obj
action_n_navi O target_obj refinement_rel O refinement_rel refinement_obj
action_navi action_desc O action_navi action_intensity action_intensity O action_navi action_desc O action_navi action_desc O O target_obj
action_n_navi action_desc O action_intensity action_desc target_attri target_obj refinement_rel O refinement_rel O O refinement_obj
action_navi action_desc O action_n_navi action_intensity action_intensity action_desc action_navi action_desc O action_intensity action_intensity action_navi action_desc O O action_navi action_desc O O target_obj
action_n_navi O target_obj O O refinement_rel refinement_rel O O refinement_obj O O O O O O
action_navi action_desc O action_intensity action_intensity action_navi action_desc O action_navi O O target_obj refinement_rel O refinement_obj
action_n_navi action_desc O target_attri target_obj
action_navi action_desc O action_navi action_desc O O target_obj
action_n_navi O target_obj refinement_rel O refinement_obj O refinement_rel O O refinement_obj O O O O O O O O
action_navi action_desc O action_navi O O target_obj
action_n_navi action_desc O target_obj refinement_rel O refinement_obj
action_navi action_desc O O target_obj
action_n_navi O target_obj refinement_rel O refinement_obj O action_n_navi O action_desc
action_navi action_desc O O target_obj
action_n_navi O target_obj refinement_rel O refinement_obj
action_navi action_desc O action_navi action_desc O target_obj O action_navi O action_desc O action_navi action_desc O O target_obj
action_n_navi action_desc O target_obj refinement_rel O O refinement_rel refinement_obj
action_navi action_desc O action_navi action_desc O target_obj O action_navi action_desc O target_rel O target_obj
action_n_navi O target_obj refinement_rel O refinement_obj O O refinement_rel O refinement_obj
action_n_navi action_desc O target_obj O O refinement_obj target_rel O O refinement_rel O refinement_obj
action_navi action_desc O O target_obj
action_n_navi O target_obj O O refinement_obj target_rel O O O refinement_rel refinement_obj
action_navi O O target_rel target_rel O O target_obj O O refinement_rel O O O refinement_obj target_rel O target_obj
action_n_navi action_desc O target_obj O O O refinement_rel O O O refinement_obj
action_n_navi O target_obj refinement_rel O refinement_obj O O refinement_rel O O refinement_obj
action_n_navi O target_obj O O refinement_attri refinement_obj refinement_rel refinement_rel O O refinement_obj refinement_rel O refinement_obj
action_n_navi action_desc O target_obj O O refinement_obj target_rel target_rel O O
action_n_navi O target_obj O O refinement_obj target_rel O O O refienemt_attri refinement_obj refinement_rel O O refinement_obj
action_n_navi O target_obj O O refinement_obj target_rel O refinement_rel refinement_rel O O refinement_rel O O O refinement_attri refinement_obj
action_navi O target_rel target_obj O
action_n_navi action_desc target_attri target_attri target_obj O O refinement_rel O O O refinement_obj O
action_navi O target_rel O target_obj
action_n_navi target_obj refinement_rel O refinement_obj action_n_navi target_attri target_obj refinement_rel refinement_obj
action_navi O target_rel target_attri target_obj O
action_n_navi target_attri target_obj refinement_rel O refinement_attri refinement_obj O
action_navi action_desc action_navi O action_desc O O O O action_navi O O target_attri target_obj O O O
action_n_navi action_desc O refinement_attri target_obj refinement_rel O refinement_rel O O O refinement_obj O O agent_dir
action_navi action_desc action_navi O action_desc O O O O target_rel action_desc O refinement_rel O refinement_obj O O O target_obj refinement_rel O refinement_obj
action_n_navi O target_attri target_obj refinement_rel O refinement_rel refinement_obj O O agent_dir O O action_n_navi O target_obj
action_navi action_desc action_navi O action_desc O O O O O action_navi O O target_obj
action_n_navi action_desc O O O target_obj O refinement_rel O refinement_obj O O refinement_attri refinement_obj refinement_rel O refinement_obj
action_navi action_desc action_navi action_desc O target_obj O action_navi action_desc O O target_rel O target_obj
action_n_navi O O O target_obj refinement_rel O refinement_rel refinement_obj O O refinement_rel O O refinement_attri refinement_obj
action_navi O action_intensity action_desc action_navi action_desc action_navi action_desc action_navi action_desc O target_rel target_obj
action_n_navi action_desc O target_obj O O refinement_rel O refinement_obj
action_navi action_desc action_navi action_desc target_obj action_navi action_desc O target_rel target_obj
action_n_navi O target_obj refinement_rel O refinement_obj
action_navi action_desc O action_navi action_desc O target_obj O O action_navi action_desc O target_rel O target_rel O O O target_obj
action_n_navi action_desc O target_obj refinement_rel O refinement_rel O O O refinement_obj
action_navi O O action_desc O action_navi action_desc O refinement_rel O refinement_rel O O O refinement_obj
action_n_navi O target_obj O O
action_navi action_desc O target_obj O action_desc O target_obj O target_rel O target_obj O O refinement_rel O O refinement_obj
action_n_navi O target_obj refinement_rel O refinement_obj
action_navi O O action_desc O action_navi action_desc O refinement_rel O refinement_rel O O O refinement_obj
action_n_navi action_desc O target_obj O target_obj refinement_rel O refinement_obj
action_navi O O O O O O O action_navi action_desc O action_navi O target_obj
action_n_navi O target_obj O target_obj refinement_rel O refinement_obj O action_n_navi O
action_navi action_desc O action_navi O target_rel O target_obj
action_n_navi O target_obj O target_obj refinement_rel O refinement_obj refinement_rel O refinement_obj
action_navi action_desc O target_obj O O target_obj
action_n_navi action_desc O target_obj refinement_rel O O O O refinement_obj
action_navi O O target_rel O O O target_obj
action_n_navi O target_obj action_n_navi refinement_rel O refinement_obj
action_navi O target_attri target_obj action_desc O target_obj refinement_rel O refinement_obj
action_n_navi O target_attri target_obj refinement_rel O refinement_rel O O refinement_obj
action_navi O O action_desc action_navi action_desc O target_obj refinement_rel O refinement_obj
action_n_navi O refinement_obj O action_n_navi O target_obj O action_n_navi O refinement_obj
action_navi O O action_desc O O O target_obj
action_n_navi O refinement_obj action_n_navi O target_obj O action_n_navi O action_desc action_n_navi O refinement_obj
action_navi O O action_desc action_navi O target_obj O action_navi O O target_obj
action_n_navi O target_obj refinement_rel O refinement_obj
action_navi action_desc O target_rel O target_attri target_attri target_obj
action_n_navi O target_obj action_desc refinement_rel O O O refinement_obj
action_navi O O action_desc O action_navi action_desc O target_obj refinement_rel O refinement_attri refinement_obj O O O
action_n_navi O refinement_obj action_n_navi O target_obj O action_n_navi O refinement_obj
action_navi O target_rel O target_obj refinement_rel O refinement_attri refinement_obj
action_n_navi O refinement_obj action_n_navi O target_obj refinement_rel O O O action_n_navi O refinement_obj
action_navi action_intensity O O action_desc
action_n_navi O refinement_obj action_n_navi action_desc O target_obj refinement_rel action_n_navi O refinement_obj
action_navi action_desc action_navi action_desc O O O O action_desc O target_rel O target_obj
action_n_navi O target_obj refinement_rel O refinement_obj refinement_rel O refinement_obj
action_n_navi action_desc O target_obj refinement_rel O refinement_obj
action_navi action_desc action_navi action_desc O action_navi O O action_desc O target_rel O target_attri target_obj
action_n_navi O refinement_obj action_n_navi O target_obj refinement_rel O action_n_navi O refinement_obj
action_navi action_desc O action_navi O O target_attri target_obj
action_n_navi action_desc O target_attri target_obj O O O
action_navi O O target_obj O agent_dir O O
O action_n_navi O target_obj
action_navi action_desc O action_navi O O target_rel O O O target_obj
action_n_navi action_desc O target_attri target_obj O refinement_rel O O refinement_obj
action_navi action_desc O action_navi action_desc O O target_obj O O O
action_n_navi O target_obj refinement_rel O refinement_obj
action_navi action_desc O action_navi O O target_obj
action_n_navi O refinement_obj action_n_navi action_desc O target_obj refinement_rel O refinement_rel refinement_obj action_n_navi O refinement_obj
action_navi O O target_obj O O refinement_rel O O refinement_obj
action_n_navi O refinement_obj action_n_navi O target_obj Orefinement_rel O O refinement_obj action_n_navi O refinement_obj action_n_navi O target_obj action_n_navi O refinement_obj action_n_navi O target_obj action_desc action_n_navi O refinement_obj
action_navi action_desc O target_rel O target_obj O O refinement_rel O O refinement_obj
action_n_navi O target_obj action_desc refinement_rel O refinement_obj O O refinement_rel O O refinement_obj
action_navi action_desc O action_navi target_rel O target_obj O refinement_rel O refinement_obj O O refinement_obj
action_n_navi action_desc O target_attri target_obj O refinement_rel O O refinement_obj refinement_rel O refinement_obj
action_navi action_desc O action_navi O O target_obj
action_n_navi O target_obj refinement_rel O refinement_attri refinement_rel O O refinement_obj
action_n_navi action_desc O target_obj O refinement_obj O target_rel
action_navi action_desc O action_navi O O target_attri target_obj
action_n_navi O target_obj O refinement_obj target_rel O O O refinement_rel O O O refinement_obj refinement_rel O refinement_obj
action_navi action_desc O target_rel O target_attri target_obj
action_n_navi action_desc O target_obj O refinement_rel O refinement_attri refinement_obj
action_navi action_desc O action_navi action_desc O action_navi O action_desc O action_navi action_desc O O target_obj
action_n_navi O target_obj O O refinement_rel refinement_rel O O O refinement_obj
action_navi action_desc O action_navi action_desc O action_navi action_desc O action_navi action_desc O O target_obj action_navi action_desc O action_navi action_desc O O target_attri target_obj
action_n_navi action_desc O target_obj O refinement_rel O refinement_obj
action_navi action_desc O O target_obj
action_n_navi O target_obj refinement_rel O refinement_obj
action_navi action_desc O O target_obj
action_n_navi O target_obj refinement_rel O refinement_obj
action_navi O O action_desc
action_n_navi O target_obj refinement_rel O refinement_obj refinement_rel O O refinement_obj
action_n_navi action_desc O target_obj refinement_rel O refinement_obj
action_n_navi O action_intensity O O O action_desc
action_n_navi O target_obj refinement_rel O refinement_obj
action_navi O O action_desc O trget_rel O target_obj O O O refinement_rel O O refinement_obj
action_n_navi O target_obj action_desc refinement_rel O O O refinement_obj
action_navi O O O action_desc O target_rel O target_obj
action_n_navi O target_obj refinement_rel O refinement_obj O O O O O O O O O O O O action_n_navi action_desc O target_obj
action_navi action_desc O action_navi action_desc O O target_rel O O target_rel O O target_obj
action_n_navi O target_obj O O refinement_rel O O refinement_obj
action_navi action_desc O action_navi O O target_attri target_attri target_obj refinement_rel O refinement_obj O refinement_obj O action_navi O target_rel O target_obj
action_n_navi O target_obj
action_navi action_desc O target_obj O O target_attri target_attri target_obj
action_n_navi O target_obj refinement_rel O refinement_attri refinement_obj
action_n_navi O target_attri target_obj
action_navi action_desc O action_navi action_desc O target_obj O O target_attri target_attri target_obj
action_n_navi O target_attri target_obj O refinement_rel O O refinement_attri refinement_obj refinement_rel O O refinement_obj
action_navi O O action_navi action_desc O action_navi action_desc O O O O target_obj
action_n_navi action_desc O target_obj O refinement_rel O refinement_rel O O refinement_obj
action_navi action_desc O action_navi action_desc O O target_attri target_obj
action_n_navi O target_obj O O refinement_rel O O refinement_obj refinement_rel O refinement_obj
action_navi action_desc O action_navi action_desc O O target_obj
action_n_navi action_desc O target_obj O O refinement_rel O O refinement_obj
action_navi action_desc O O target_obj
action_n_navi O target_obj O O O O O O O O refinement_rel O O refinement_obj
action_navi action_desc action_navi action_desc O action_navi action_desc O target_rel O target_obj O refinement_rel O refinement_obj O O refinement_obj
action_n_navi action_desc O target_obj refinement_rel O refinement_obj 
action_navi action_desc O action_navi action_desc O target_rel O target_rel O O target_attri target_obj O O agent_dir
action_n_navi O target_obj refinement_rel O refinement_attri refinement_obj
action_navi action_desc action_navi action_desc O target_obj O action_navi action_desc O target_rel O target_obj
action_n_navi action_desc O target_rel target_obj refinement_rel O refinement_obj
action_navi action_desc action_navi action_desc O action_navi action_desc O target_rel O target_obj
O action_n_navi O target_obj refinement_rel O refinement_obj
action_navi O O action_desc O action_navi O O target_obj refinement_rel O refinement_attri refinement_obj target_rel O target_obj O O agent_dir
action_n_navi action_desc O target_attri target_obj refinement_rel O refinement_obj
action_navi O O action_desc O target_rel O target_obj
action_n_navi O target-attri target_obj refinement_rel O O refinement_obj
action_navi O O refinement_obj
action_n_navi action_desc O target_obj refinement_rel O refinement_obj
action_navi O O target_obj
action_n_navi O target_obj O refinement_rel O O refinement_obj
action_navi action_desc O action_navi action_desc O target_obj action_navi action_desc O action_navi action_desc O target_attri target-obj
action_n_navi action_desc O target_obj O refinement_rel O O refinement_attri refinement_obj
action_navi action_intensity action_intensity action_desc O action_navi O target_rel O O target_attri target_obj
action_n_navi O target_obj refinement_rel O refinement_attri refinement_obj
action_n_navi action_desc O target_attri target_obj refinement_rel O refinement_obj target_rel O refinement_rel O refinement_obj
action_navi action_desc O action_navi action_desc O target_obj action_navi action_desc O target_rel O target_attri target_obj
action_n_navi O target_attri target_obj refinement_rel O O refinement_obj refinement_rel O refinement_attri refinement_obj
action_navi O O action_desc O action_navi action_desc O target_obj O O target_rel O O target_obj
action_n_navi action_desc O target_attri target_attri O target_attri target_obj refinement_rel O refinement_obj O O refinement_obj refinement_rel O refinement_obj
action_navi action_desc O action_navi O O target_obj O action_navi action_desc O action_navi O O target_rel O O O target_obj
O action_n_navi O target_obj O O refinement_rel refinement_rel O O O refinement_obj
action_navi action_desc action_navi O O target_obj
action_n_navi action_desc O target_obj refinement_rel O refinement_obj refinement_rel O refinement_obj
action_navi O O target_obj O O agent_dir
action_n_navi O O O O O action_navi O O action_navi O O O
action_navi O O target_obj O O refinement_rel O O refinement_obj
action_n_navi O target_obj refinement_rel O refinement_rel refinement_obj O O refinement_obj
action_navi O O target_rel O O O target_attri target_attri target_obj target_rel O target_obj refinement_rel O refinement_obj
action_n_navi action_desc O target_obj refinement_rel O refinement_obj O O O O
action_n_navi O target_obj O O action_desc target_rel O target_obj O O refinement_rel O O refinement_obj
O action_n_navi O target_obj
action_navi O O target_obj O O action_desc
action_n_navi action_desc O target_obj refinement_rel O refinement_obj
action_n_navi O target_obj refinement_rel O refinement_attri refinement_obj
action_n_navi O target_obj O target_obj refinement_rel O refinement_obj
action_navi O O target_obj
action_n_navi O target_obj refinement_rel O refinement_obj
action_navi action_desc O O target_attri target_obj
action_n_navi O target_obj O target_obj refinement_rel O refinement_obj
action_navi O O target_obj
action_n_navi O target_obj refinement_rel O refinement_obj O action_n_navi O O action_desc
action_navi action_desc O O target_obj refinement_rel O refinement_obj O refinement_obj
action_n_navi O target_obj O target_obj O refinement_rel O refinement_obj
action_navi action_desc action_navi O action_desc O action_navi O O target_attri target_attri target_obj
action_n_navi action_desc O O target_obj refinement_rel O refinement_obj
action_navi action_desc O action_navi action_desc O target_obj
action_n_navi O O target_obj refinement_rel O refinement_obj
action_navi action_desc O action_navi action_desc O target_obj O target_rel O target_obj
action_n_navi O O O target_obj refinement_rel O O refinement_obj
action_navi action_desc O action_navi action_desc O target_obj O target_rel O target_obj
action_n_navi O O O target_obj refinement_rel O refinement_obj refinement_rel O refinement_rel refinement_rel refinement_obj
action_navi action_desc O action_navi action_desc O target_obj O target_rel O target_obj O O O O refinement_rel O O refinement_obj
action_n_navi action_desc O target_obj refinement_rel O refinement_obj
action_navi action_desc O action_navi O target_obj O action_navi action_desc O target_rel O target_obj refinement_rel O refinement_obj refinement_rel O refinement_obj
action_n_navi O O O target_obj O O
action_n_navi O target_obj refinement_rel O refinement_obj refinement_rel O refinement_obj refinement_rel O
action_n_navi action_desc O target_obj refinement_rel O refinement_obj O refinement_obj target_rel O
action_navi action_desc O action_navi action_desc O target_obj O target_rel O target_obj
action_n_navi O target_obj refinement_rel O refinement_obj O refinement_obj tarfet_rel O refinement_rel O refinement_obj
action_navi O target_rel O O target_obj O O action_desc
action_n_navi action_desc O target_obj refinement_rel O refinement_obj
action_navi O O target_obj O O action_desc
action_n_navi O target_obj refinement_rel O refinement_obj
action_navi action_desc O O action_desc target_rel O target_obj
action_n_navi action_desc O target_obj O O refinement_rel refinement_rel O O refinement_obj
action_navi O O action_desc action_navi O O action_desc target_rel O target_obj
action_n_navi O target_obj refinement_rel refinement_rel O O refinement_obj
action_navi O O action_desc action_navi action_desc action_navi O O action_desc O action_navi O target_obj
action_n_navi action_desc O O target_obj O O refinement_rel refinement_rel O O refinement_obj
action_navi O O action_desc action_navi action_desc target_rel O target_obj
action_n_navi O target_obj refinement_rel refinement_rel O O refinement_obj
action_navi action_desc O action_navi action_desc O action_navi action_desc O O target_attri target_obj
action_n_navi action_desc O target_rel target_attri target_obj O O O refinement_attri refinement_obj
action_navi action_desc O action_navi action_desc O action_navi O action_desc O action_navi O action_intensity action_desc action_navi action_desc O target_rel O target_obj
action_n_navi O refinement_obj refinement_rel O refinement_obj O action_n_navi O target_attri target_obj refinement_rel O O O O
action_navi action_desc O action_navi action_desc O action_navi action_desc O action_navi action_desc O O target_obj
action_n_navi action_desc O target_attri target_obj O refinement_rel O refinement_obj
action_navi action_desc O action_navi action_desc O action_navi action_desc O action_navi action_desc O action_navi action_desc O target_rel O target_attri target_obj
action_n_navi O refinement_obj refinement_rel O refinement_obj O action_n_navi O target_attri target_obj refinement_rel O O refinement_rel O O refinement_obj O O O O O
action_navi action_desc action_navi action_desc action_intensity O action_navi action_desc O action_navi O O target_obj
action_n_navi action_desc O target_attri target_obj O O refinement_rel O O refinement_obj
action_navi action_desc action_navi O action_navi action_desc O action_navi O O target_obj
action_n_navi O target_obj refinement_rel O refinement_obj
action_navi action_desc action_navi O action_navi action_desc O action_navi O O target_obj
action_n_navi action_desc O target_attri target_obj O O refinement_rel O O refinement_obj
action_navi action_desc action_navi O action_navi action_desc O action_navi O O target_obj
action_n_navi O target_obj refinement_rel O refinement_obj
action_navi action_desc action_navi O O target_obj O O agent_dir action_navi action_desc action_navi O target_obj O O O agent_dir action_navi action_desc O target_rel target_obj
action_n_navi action_desc target_obj O refinement_rel refinement_obj O O refinement_rel O O refinement_obj
action_navi action_desc action_navi O O O target_obj action_navi action_desc action_navi O O O target_obj action_navi action_desc action_navi O O target_obj O O refinement_rel refinement_obj target_rel O
action_n_navi target_obj O refinement_rel O refinement_obj O refinement_rel O O refinement_obj
action_navi action_desc O O O action_desc O target_rel O target_rel O O target_obj
action_n_navi action_desc O target_obj refinement_rel O refinement_obj
action_navi action_desc O action_navi action_desc O target_rel O target_obj
action_n_navi O target_obj refinement_rel O O O O refinement_obj O O
action_navi action_desc O action_intensity action_desc O action_navi action_desc O target_rel O target_obj
action_n_navi O target_obj refinement_rel O refinement_obj
action_navi action_desc O action_intensity action_desc O action_navi O target_obj
action_n_navi action_desc O target_obj O target_obj refinement_rel O refinement_obj
action_navi action_desc O action_navi action_desc O target_obj O target_rel O target_obj
action_n_navi O target_obj refinement_rel O refinement_obj O O action_n_navi O
action_navi action_desc O action_navi action_desc O target_rel O target_obj
action_n_navi O target_obj O target_obj refinement_rel O refinement_obj
action_navi action_desc O action_navi O O target_obj O O refinement_rel O O refinement_obj
action_n_navi action_desc O target_obj refinement_rel O refinement_obj
action_navi O O action_desc O O target_obj O action_n_navi action_desc O O target_obj
action_n_navi O target_obj refinement_rel O refinement_obj O action_n_navi O action_desc O action_n_navi O action_desc action_desc
action_navi action_desc O action_navi O O action_desc O O target_obj O O refinement_rel refinement_rel O O refinement_obj
action_n_navi O target_obj action_desc O refinement_rel O refinement_attri refinement_obj
action_navi action_desc O action_navi action_desc O target_obj O O O O O O
action_n_navi action_desc O target_obj O O O refinement_rel O refinement_obj
action_navi action_desc O action_navi action_desc O O action_desc O O O target_attri target_obj
O action_n_navi O target_obj refinement_rel O refinement_obj
action_navi O O target_obj O O agent_dir O O
action_n_navi action_desc O target_obj refinement_rel O refinement_obj
action_navi O O target_obj O O agent_dir O O
action_n_navi O target_obj refinement_rel O refinement_obj O O O O O O O O O O O O O O O
action_navi O O target_obj agent_dir O
action_n_navi O target_obj refinement_rel O refinement_obj
action_navi action_desc O action_navi O O target_attri target_attri target_obj O O O O
action_n_navi action_desc O target_attri target_obj refinement_rel O refinement_obj O O agent_dir
action_n_navi O O O O target_obj refinement_rel O refinement_obj
action_navi action_desc O action_navi O O target_rel O O O target_attri targetr_obj
action_n_navi O target_attri target_obj refinement_rel O refinement_obj refinement_rel O refinement_obj
action_navi action_desc O action_navi action_desc O O target_attri target_obj refinement_rel O refinement_obj
action_n_navi action_desc O target_obj O target_obj refinement_rel O refinement_obj
action_navi action_desc O action_navi action_desc O O O O target_attri target_obj O O O O
action_n_navi O target_obj refinement_rel O refinement_obj refinement_rel O refinement_rel O O refinement_attri refinement_obj O action_n_navi O action_desc
action_navi action_desc O action_navi action_desc O O target_attri target_attri target_obj refinement_rel refinement_obj
action_n_navi O target_attri target_obj refinement_rel O refinement_obj O O refinement_rel O O refinement_obj
action_navi action_desc O O target_rel target_obj
action_n_navi O target_obj action_desc O O refinement_rel refinement_rel refinement_obj
action_navi action_desc O O target_rel target_obj
action_n_navi O target_obj refinement_rel O refinement_obj
action_navi O action_intensity action_desc
action_n_navi O target_obj refinement_rel O refinement_rel refinement_rel refinement_obj
action_navi action_desc O action_navi O O target_obj
action_n_navi action_desc O target_obj
action_navi action_desc action_navi action_desc O O target_obj
action_n_navi O target_obj refinement_rel O refinement_obj
action_navi action_desc O action_navi action_desc O O target_obj
action_n_navi O target_obj refinement_rel O refinement_obj O refinement_rel O O refinement_obj
action_navi action_desc O target_rel O target_obj
action_n_navi O target_rel target_obj O O target_obj
action_n_navi O target_obj refinement_rel O refinement_obj O action_navi action_desc O target_obj
action_n_navi O target_obj refinement_rel O refinement_obj O O action_n_navi O target_obj
action_navi O O target_rel O O target_obj O action_n_navi O O target_obj
action_n_navi O target_obj refinement_rel O refinement_obj
action_navi action_desc O action_navi O O O O O target_obj refinement_rel O refinement_obj target_rel target_rel
action_n_navi action_desc O target_obj refinement_rel O refinement_obj
action_navi action_desc O refinement_obj O O target_rel O O target_obj refinement_rel O refinement_obj refinement_rel O refinement_obj
action_n_navi O target_obj refinement_rel O refinement_rel O O refinement_rel O O refinement_obj O O O O
action_navi O O target_obj O O refinement_rel O O refinement_obj
action_n_navi action_desc O target_obj refinement_rel O refinement_obj
action_navi O O target_rel O O O target_obj
O action_n_navi O target_obj
action_navi O O action_desc O action_navi O O target_obj refinement_rel O refinement_obj
action_n_navi O target_attri target_obj O O refinement_rel O refinement_obj
action_navi O O target_obj O refinement_rel O refinement_obj
action_n_navi O target_obj refinement_rel O refinement_obj refinement_rel O refinement_obj
action_navi action_desc action_navi action_desc O target_obj action_navi action_desc O action_navi O O target_obj
action_n_navi action_desc O target_obj refinement_rel O refinement_obj O O refinement_rel O O refinement_obj
action_navi action_desc O action_navi O O target_obj refinement_rel O refinement_obj
action_n_navi O target_obj refinement_rel O refinement_obj
action_navi action_desc O action_navi action_desc O O target_rel target_rel O O target_obj O action_navi action_desc O target_obj refinement_rel O refinement_obj target_rel O
action_n_navi O target_obj refinement_rel O refinement_obj refinement_rel O refinement_obj
action_navi action_desc O O target_obj
action_n_navi action_desc O target_obj O target_obj refinement_rel O refinement_obj
action_navi action_desc O O target_obj refinement_rel O refinement_obj
action_n_navi O target_obj O target_obj refinement_rel O refinement_obj
action_n_navi action_desc O target_obj refinement_rel O refinement_obj O action_n_navi O target_obj refinement_rel O
action_navi action_desc O action_navi O O target_obj
action_n_navi O target_obj O O refinement_rel O O refinement_obj
action_navi action_desc O O target_obj O action_navi action_desc O action_navi O O target_obj refinement_rel O refinement_obj refinement_rel O refinement_rel refinement_obj
action_n_navi action_desc O target_obj refinement_rel O refinement_obj
action_navi action_desc O action_navi action_intensity action_desc O O target_obj
action_n_navi O target_obj refinement_rel O refinement_rel O O refinement_obj O O refinement_rel O O refinement_obj
action_navi O O action_desc target_rel O target_attri target_obj refinement_rel O refinement_obj
action_n_navi action_desc O target_obj refinement_rel O refinement_obj
action_navi O O action_desc action_navi action_desc O action_navi O O action_desc
O action_n_navi O target_obj
action_navi O O action_desc action_navi action_desc O target_obj O action_navi action_desc
action_n_navi O O O O refinement_obj O action_n_navi action_desc O target_obj refinement_rel
action_navi O O action_desc O action_navi action_desc O target_obj
action_n_navi O refinement_obj action_n_navi O target_obj refinement_rel O refinement_obj O action_n_navi O refinement_obj
action_n_navi O refinement_obj O action_n_navi O target_obj refinement_rel O action_n_navi O refinement_obj action_navi action_desc O action_navi O O target_obj
action_n_navi O target_obj O O refinement_rel refinement_rel O O O refinement_obj
action_navi action_desc action_navi action_desc O action_navi action_desc O O action_navi target_rel O target_obj O target_obj O action_navi action_desc O O target_rel O O O target_obj
action_n_navi action_desc O target_obj O O refinement_rel O refinement_obj refinement_rel O refinement_obj
action_navi O O target_rel O O O target_attri target_attri target_obj O O O O refinement_rel O O refinement_obj
O action_n_navi O target_obj O O refinement_rel O refinement_attri refinement_attri refinement_obj
action_navi action_desc action_navi O O O target_obj
action_n_navi action_desc target_obj refinement_rel refinement_obj refinement_rel refinement_obj
action_navi action_desc action_navi O target_obj refinement_rel refinement_obj
action_n_navi refinement_rel refinement_rel refinement_obj action_n_navi target_obj refinement_rel O O O O refinement_obj action_n_navi refinement_obj
action_navi O target_rel O target_obj
action_n_navi action_desc target_obj O O refinement_rel O refinement_obj refinement_rel refinement_obj
action_navi O target_rel O O target_obj
action_n_navi refinement_rel refinement_obj action_n_navi target_obj O O refinement_rel O refinement_attri refinement_obj action_n_navi refinement_obj
action_navi action_desc O action_navi O O target_obj
action_n_navi O refinement_rel refinement_rel O refinement_obj action_n_navi action_desc O target_obj action_n_navi O refinement_obj O
action_navi action_desc O action_navi O O O O O target_obj action_navi action_desc
action_n_navi O target_obj refinement_rel O refinement_obj
action_navi action_desc O action_navi O O O O O target_obj action_navi action_desc O action_navi action_desc O O target_obj action_navi action_desc O action_navi action_desc O O target_obj
action_n_navi action_desc O target_obj O O refinement_rel O O refinement_obj
action_navi action_desc O action_navi O O O O O target_obj action_navi O O action_navi O O target_obj action_navi action_desc O action_navi O O O O O target_obj
action_n_navi O target_obj refinement_rel O refinement_obj refinement_rel O O refinement_obj
action_navi O O target_obj refinement_rel O refinement_obj O O refinement_rel O O refinement_obj
action_n_navi action_desc O target_obj refinement_rel O refinement_obj
action_navi action_desc O action_navi O O target_obj O action_navi O action_desc O action_navi O O target_obj
action_n_navi O target_obj refinement_rel O O O O refinement_obj
action_navi action_desc O action_navi O O target_obj refinement_rel O refinement_attri refinement_obj O O refinement_rel O O refinement_obj
action_n_navi action_desc O target_obj refinement_rel O refinement_obj
action_navi action_desc O action_navi O O target_obj
action_n_navi O target_obj O O refinement_rel O O refinement_obj O refinement_rel O O O O refinement_obj
action_navi O O target_obj refinement_rel O refinement_obj target_rel O
action_n_navi action_desc O target_obj refinement_rel O refinement_obj
action_n_navi O target_obj O O refinement_obj refinement_rel O refinement_obj
action_n_navi O target_obj refinement_rel O refinement_obj refinement_rel O refinement_obj
action_navi action_desc O action_navi action_intensity action_intensity O action_navi action_desc O action_navi action_desc O target_obj
action_n_navi action_desc O target_obj refinement_rel O O O O refinement_obj
action_navi action_desc O action_navi action_desc O target_obj O action_navi action_desc O action_navi action_desc O O O action_navi action_desc
action_n_navi O target_obj refinement_rel O refinement_attri refinement_obj refinement_rel O refinement_obj
action_n_navi action_desc O target_obj refinement_rel O refinement_obj
action_navi action_desc O action_navi action_intensity action_intensity O action_navi action_desc O action_navi O O O O O target_obj O action_navi action_desc O action_navi action_desc O target_obj
action_n_navi O target_obj action_desc refinement_rel O refinement_obj O refinement_rel O O refinement_obj
action_navi action_desc O target_rel O target_attri target_obj O O O refinement_rel O O refinement_obj
action_n_navi O target_obj action_desc O O O refinement_obj
action_navi action_desc O target_rel O target_obj refinement_rel O refinement_obj
action_n_navi O target_obj refinement_rel O refinement_obj O O action_n_navi action_n_navi O target_obj action_desc O action_n_navi O refinement_obj
action_navi action_desc O action_navi O target_rel O O target_obj
action_n_navi O target_obj refinement_rel O refinement_obj O action_n_navi O refinement_obj
action_navi O O target_obj O O refinement_rel refinement_rel O O refinement_obj
action_n_navi action_desc O target_obj refinement_rel O refinement_obj
action_navi O O target_obj O O refinement_rel O O refinement_obj
O action_n_navi O target_obj
action_navi action_desc O target_obj O refinement_rel O O refinement_obj O action_navi action_desc O action_navi O O target_rel O O target_obj O O refinement_obj O O O O
action_n_navi action_desc O target_obj O O refinement_rel O O refinement_obj O O O
action_navi action_desc O action_navi O O target_obj refinement_rel O refinement_rel refinement_rel O O refinement_obj action_navi O O refinement_obj O O O O O action_navi action_desc O target_rel O target_rel O O target_obj
action_n_navi O target_obj refinement_rel refinement_rel O O refinement_attri O refinement_attri refinement_obj O O refinement_rel O O refinement_obj
action_navi O O target_rel O O O target_obj
action_n_navi action_desc O target_obj refinement_rel O O O O O O refinement_obj
action_n_navi O target_obj O O refinement_rel O O O refinement_obj
action_n_navi O target_obj refinement_rel O refinement_obj
action_navi action_desc O O target_rel O O target_obj
action_n_navi O target_obj action_desc refinement_rel O refinement_obj O O refinement_rel O O O O refinement_obj
action_navi action_desc O action_navi O O target_obj O O O